<?xml version="1.0" encoding="UTF-8"?>
<coverage generated="1710343876356" clover="3.2.0">
  <project timestamp="1710343876356" name="All files">
    <metrics statements="159" coveredstatements="86" conditionals="49" coveredconditionals="24" methods="27" coveredmethods="17" elements="235" coveredelements="127" complexity="0" loc="159" ncloc="159" packages="1" files="1" classes="1"/>
    <file name="index.js" path="/Users/wenhongl/moyu/index.js">
      <metrics statements="159" coveredstatements="86" conditionals="49" coveredconditionals="24" methods="27" coveredmethods="17"/>
      <line num="1" count="4" type="stmt"/>
      <line num="2" count="4" type="stmt"/>
      <line num="3" count="4" type="stmt"/>
      <line num="4" count="4" type="stmt"/>
      <line num="7" count="4" type="stmt"/>
      <line num="9" count="4" type="stmt"/>
      <line num="12" count="4" type="stmt"/>
      <line num="13" count="6" type="stmt"/>
      <line num="18" count="0" type="stmt"/>
      <line num="21" count="0" type="stmt"/>
      <line num="22" count="0" type="stmt"/>
      <line num="26" count="0" type="stmt"/>
      <line num="27" count="0" type="cond" truecount="0" falsecount="4"/>
      <line num="28" count="0" type="stmt"/>
      <line num="29" count="0" type="stmt"/>
      <line num="30" count="0" type="stmt"/>
      <line num="32" count="0" type="stmt"/>
      <line num="33" count="0" type="stmt"/>
      <line num="35" count="0" type="stmt"/>
      <line num="36" count="0" type="stmt"/>
      <line num="37" count="0" type="stmt"/>
      <line num="39" count="0" type="stmt"/>
      <line num="43" count="6" type="stmt"/>
      <line num="49" count="4" type="stmt"/>
      <line num="51" count="4" type="stmt"/>
      <line num="78" count="4" type="stmt"/>
      <line num="81" count="4" type="stmt"/>
      <line num="86" count="4" type="stmt"/>
      <line num="87" count="1" type="stmt"/>
      <line num="91" count="4" type="stmt"/>
      <line num="92" count="1" type="stmt"/>
      <line num="96" count="4" type="stmt"/>
      <line num="97" count="1" type="stmt"/>
      <line num="101" count="4" type="stmt"/>
      <line num="102" count="2" type="stmt"/>
      <line num="103" count="2" type="stmt"/>
      <line num="104" count="2" type="cond" truecount="2" falsecount="0"/>
      <line num="105" count="1" type="stmt"/>
      <line num="107" count="1" type="stmt"/>
      <line num="112" count="4" type="stmt"/>
      <line num="113" count="3" type="stmt"/>
      <line num="116" count="3" type="cond" truecount="5" falsecount="0"/>
      <line num="117" count="1" type="stmt"/>
      <line num="123" count="2" type="cond" truecount="1" falsecount="1"/>
      <line num="124" count="0" type="stmt"/>
      <line num="130" count="2" type="cond" truecount="1" falsecount="1"/>
      <line num="131" count="0" type="stmt"/>
      <line num="136" count="2" type="stmt"/>
      <line num="145" count="2" type="stmt"/>
      <line num="150" count="2" type="stmt"/>
      <line num="153" count="2" type="cond" truecount="3" falsecount="1"/>
      <line num="154" count="0" type="stmt"/>
      <line num="156" count="0" type="stmt"/>
      <line num="158" count="0" type="stmt"/>
      <line num="160" count="2" type="stmt"/>
      <line num="163" count="2" type="stmt"/>
      <line num="164" count="2" type="stmt"/>
      <line num="167" count="2" type="cond" truecount="1" falsecount="1"/>
      <line num="170" count="0" type="stmt"/>
      <line num="173" count="0" type="stmt"/>
      <line num="174" count="0" type="stmt"/>
      <line num="176" count="0" type="stmt"/>
      <line num="177" count="0" type="stmt"/>
      <line num="179" count="0" type="stmt"/>
      <line num="180" count="0" type="stmt"/>
      <line num="181" count="0" type="stmt"/>
      <line num="182" count="0" type="stmt"/>
      <line num="183" count="0" type="stmt"/>
      <line num="184" count="0" type="stmt"/>
      <line num="185" count="0" type="stmt"/>
      <line num="186" count="0" type="stmt"/>
      <line num="187" count="0" type="stmt"/>
      <line num="190" count="2" type="stmt"/>
      <line num="191" count="2" type="stmt"/>
      <line num="192" count="2" type="stmt"/>
      <line num="193" count="2" type="stmt"/>
      <line num="194" count="2" type="stmt"/>
      <line num="200" count="4" type="stmt"/>
      <line num="201" count="2" type="cond" truecount="1" falsecount="1"/>
      <line num="205" count="4" type="stmt"/>
      <line num="206" count="3" type="stmt"/>
      <line num="207" count="3" type="stmt"/>
      <line num="209" count="3" type="cond" truecount="2" falsecount="0"/>
      <line num="210" count="2" type="stmt"/>
      <line num="211" count="2" type="stmt"/>
      <line num="215" count="1" type="stmt"/>
      <line num="219" count="1" type="cond" truecount="1" falsecount="1"/>
      <line num="220" count="0" type="stmt"/>
      <line num="221" count="0" type="stmt"/>
      <line num="225" count="0" type="stmt"/>
      <line num="228" count="0" type="stmt"/>
      <line num="232" count="1" type="stmt"/>
      <line num="238" count="1" type="cond" truecount="1" falsecount="1"/>
      <line num="239" count="0" type="stmt"/>
      <line num="246" count="0" type="stmt"/>
      <line num="248" count="0" type="cond" truecount="0" falsecount="2"/>
      <line num="249" count="0" type="stmt"/>
      <line num="250" count="0" type="stmt"/>
      <line num="254" count="0" type="stmt"/>
      <line num="256" count="0" type="cond" truecount="0" falsecount="2"/>
      <line num="258" count="0" type="stmt"/>
      <line num="259" count="0" type="cond" truecount="0" falsecount="2"/>
      <line num="260" count="0" type="stmt"/>
      <line num="267" count="0" type="stmt"/>
      <line num="268" count="0" type="cond" truecount="0" falsecount="2"/>
      <line num="269" count="0" type="stmt"/>
      <line num="271" count="0" type="stmt"/>
      <line num="272" count="0" type="stmt"/>
      <line num="274" count="0" type="stmt"/>
      <line num="276" count="0" type="stmt"/>
      <line num="277" count="0" type="stmt"/>
      <line num="281" count="0" type="stmt"/>
      <line num="287" count="0" type="stmt"/>
      <line num="289" count="0" type="stmt"/>
      <line num="290" count="0" type="stmt"/>
      <line num="291" count="0" type="stmt"/>
      <line num="294" count="0" type="stmt"/>
      <line num="298" count="1" type="stmt"/>
      <line num="304" count="1" type="stmt"/>
      <line num="307" count="1" type="cond" truecount="1" falsecount="1"/>
      <line num="308" count="0" type="stmt"/>
      <line num="309" count="0" type="stmt"/>
      <line num="313" count="1" type="stmt"/>
      <line num="315" count="1" type="cond" truecount="1" falsecount="1"/>
      <line num="316" count="0" type="stmt"/>
      <line num="317" count="0" type="cond" truecount="0" falsecount="2"/>
      <line num="318" count="0" type="stmt"/>
      <line num="325" count="1" type="stmt"/>
      <line num="326" count="1" type="cond" truecount="1" falsecount="1"/>
      <line num="327" count="1" type="stmt"/>
      <line num="329" count="2" type="stmt"/>
      <line num="330" count="1" type="stmt"/>
      <line num="332" count="0" type="stmt"/>
      <line num="334" count="0" type="stmt"/>
      <line num="335" count="0" type="stmt"/>
      <line num="339" count="1" type="stmt"/>
      <line num="345" count="1" type="stmt"/>
      <line num="347" count="1" type="stmt"/>
      <line num="348" count="1" type="stmt"/>
      <line num="351" count="1" type="stmt"/>
      <line num="357" count="4" type="stmt"/>
      <line num="358" count="2" type="stmt"/>
      <line num="362" count="4" type="stmt"/>
      <line num="363" count="0" type="stmt"/>
      <line num="366" count="4" type="stmt"/>
      <line num="367" count="2" type="cond" truecount="1" falsecount="1"/>
      <line num="368" count="0" type="stmt"/>
      <line num="370" count="2" type="stmt"/>
      <line num="373" count="4" type="cond" truecount="2" falsecount="0"/>
      <line num="374" count="4" type="stmt"/>
      <line num="375" count="0" type="stmt"/>
      <line num="378" count="4" type="stmt"/>
      <line num="379" count="2" type="stmt"/>
      <line num="382" count="4" type="stmt"/>
      <line num="383" count="0" type="stmt"/>
      <line num="387" count="4" type="stmt"/>
      <line num="388" count="7" type="stmt"/>
      <line num="389" count="7" type="stmt"/>
      <line num="392" count="4" type="stmt"/>
    </file>
  </project>
</coverage>
