{
  "/Users/wenhongl/moyu/index.js": {
    "path": "/Users/wenhongl/moyu/index.js",
    "statementMap": {
      "0": {
        "start": { "line": 1, "column": 16 },
        "end": { "line": 1, "column": 34 }
      },
      "1": {
        "start": { "line": 2, "column": 12 },
        "end": { "line": 2, "column": 21 }
      },
      "2": {
        "start": { "line": 3, "column": 14 },
        "end": { "line": 3, "column": 30 }
      },
      "3": {
        "start": { "line": 4, "column": 12 },
        "end": { "line": 4, "column": 63 }
      },
      "4": {
        "start": { "line": 7, "column": 0 },
        "end": { "line": 7, "column": 23 }
      },
      "5": {
        "start": { "line": 9, "column": 16 },
        "end": { "line": 9, "column": 17 }
      },
      "6": {
        "start": { "line": 12, "column": 16 },
        "end": { "line": 45, "column": 1 }
      },
      "7": {
        "start": { "line": 13, "column": 2 },
        "end": { "line": 44, "column": 3 }
      },
      "8": {
        "start": { "line": 18, "column": 13 },
        "end": { "line": 18, "column": 15 }
      },
      "9": {
        "start": { "line": 21, "column": 2 },
        "end": { "line": 23, "column": 5 }
      },
      "10": {
        "start": { "line": 22, "column": 6 },
        "end": { "line": 22, "column": 20 }
      },
      "11": {
        "start": { "line": 26, "column": 2 },
        "end": { "line": 41, "column": 5 }
      },
      "12": {
        "start": { "line": 27, "column": 6 },
        "end": { "line": 40, "column": 7 }
      },
      "13": {
        "start": { "line": 28, "column": 8 },
        "end": { "line": 28, "column": 48 }
      },
      "14": {
        "start": { "line": 29, "column": 8 },
        "end": { "line": 29, "column": 55 }
      },
      "15": {
        "start": { "line": 30, "column": 8 },
        "end": { "line": 30, "column": 38 }
      },
      "16": {
        "start": { "line": 32, "column": 8 },
        "end": { "line": 32, "column": 45 }
      },
      "17": {
        "start": { "line": 33, "column": 8 },
        "end": { "line": 33, "column": 39 }
      },
      "18": {
        "start": { "line": 35, "column": 8 },
        "end": { "line": 35, "column": 42 }
      },
      "19": {
        "start": { "line": 36, "column": 8 },
        "end": { "line": 36, "column": 30 }
      },
      "20": {
        "start": { "line": 37, "column": 8 },
        "end": { "line": 37, "column": 21 }
      },
      "21": {
        "start": { "line": 39, "column": 10 },
        "end": { "line": 39, "column": 73 }
      },
      "22": {
        "start": { "line": 43, "column": 2 },
        "end": { "line": 43, "column": 39 }
      },
      "23": {
        "start": { "line": 49, "column": 16 },
        "end": { "line": 49, "column": 26 }
      },
      "24": {
        "start": { "line": 51, "column": 0 },
        "end": { "line": 51, "column": 9 }
      },
      "25": {
        "start": { "line": 78, "column": 13 },
        "end": { "line": 78, "column": 15 }
      },
      "26": {
        "start": { "line": 81, "column": 13 },
        "end": { "line": 81, "column": 15 }
      },
      "27": {
        "start": { "line": 86, "column": 0 },
        "end": { "line": 88, "column": 2 }
      },
      "28": {
        "start": { "line": 87, "column": 2 },
        "end": { "line": 87, "column": 40 }
      },
      "29": {
        "start": { "line": 91, "column": 0 },
        "end": { "line": 93, "column": 2 }
      },
      "30": {
        "start": { "line": 92, "column": 2 },
        "end": { "line": 92, "column": 23 }
      },
      "31": {
        "start": { "line": 96, "column": 0 },
        "end": { "line": 98, "column": 2 }
      },
      "32": {
        "start": { "line": 97, "column": 2 },
        "end": { "line": 97, "column": 23 }
      },
      "33": {
        "start": { "line": 101, "column": 0 },
        "end": { "line": 109, "column": 2 }
      },
      "34": {
        "start": { "line": 102, "column": 13 },
        "end": { "line": 102, "column": 38 }
      },
      "35": {
        "start": { "line": 103, "column": 16 },
        "end": { "line": 103, "column": 53 }
      },
      "36": {
        "start": { "line": 103, "column": 37 },
        "end": { "line": 103, "column": 52 }
      },
      "37": {
        "start": { "line": 104, "column": 2 },
        "end": { "line": 108, "column": 5 }
      },
      "38": {
        "start": { "line": 105, "column": 6 },
        "end": { "line": 105, "column": 26 }
      },
      "39": {
        "start": { "line": 107, "column": 6 },
        "end": { "line": 107, "column": 32 }
      },
      "40": {
        "start": { "line": 112, "column": 0 },
        "end": { "line": 198, "column": 2 }
      },
      "41": {
        "start": { "line": 113, "column": 15 },
        "end": { "line": 113, "column": 27 }
      },
      "42": {
        "start": { "line": 116, "column": 2 },
        "end": { "line": 120, "column": 3 }
      },
      "43": {
        "start": { "line": 117, "column": 6 },
        "end": { "line": 119, "column": 8 }
      },
      "44": {
        "start": { "line": 123, "column": 2 },
        "end": { "line": 127, "column": 3 }
      },
      "45": {
        "start": { "line": 124, "column": 4 },
        "end": { "line": 126, "column": 7 }
      },
      "46": {
        "start": { "line": 130, "column": 2 },
        "end": { "line": 134, "column": 3 }
      },
      "47": {
        "start": { "line": 131, "column": 4 },
        "end": { "line": 133, "column": 7 }
      },
      "48": {
        "start": { "line": 136, "column": 16 },
        "end": { "line": 141, "column": 3 }
      },
      "49": {
        "start": { "line": 145, "column": 2 },
        "end": { "line": 145, "column": 39 }
      },
      "50": {
        "start": { "line": 150, "column": 14 },
        "end": { "line": 150, "column": 24 }
      },
      "51": {
        "start": { "line": 153, "column": 2 },
        "end": { "line": 161, "column": 3 }
      },
      "52": {
        "start": { "line": 154, "column": 4 },
        "end": { "line": 154, "column": 79 }
      },
      "53": {
        "start": { "line": 156, "column": 4 },
        "end": { "line": 156, "column": 13 }
      },
      "54": {
        "start": { "line": 158, "column": 4 },
        "end": { "line": 158, "column": 19 }
      },
      "55": {
        "start": { "line": 160, "column": 4 },
        "end": { "line": 160, "column": 89 }
      },
      "56": {
        "start": { "line": 163, "column": 2 },
        "end": { "line": 163, "column": 41 }
      },
      "57": {
        "start": { "line": 164, "column": 2 },
        "end": { "line": 164, "column": 44 }
      },
      "58": {
        "start": { "line": 167, "column": 2 },
        "end": { "line": 197, "column": 3 }
      },
      "59": {
        "start": { "line": 170, "column": 4 },
        "end": { "line": 170, "column": 24 }
      },
      "60": {
        "start": { "line": 173, "column": 4 },
        "end": { "line": 173, "column": 75 }
      },
      "61": {
        "start": { "line": 174, "column": 4 },
        "end": { "line": 174, "column": 33 }
      },
      "62": {
        "start": { "line": 176, "column": 4 },
        "end": { "line": 176, "column": 17 }
      },
      "63": {
        "start": { "line": 177, "column": 4 },
        "end": { "line": 177, "column": 17 }
      },
      "64": {
        "start": { "line": 179, "column": 4 },
        "end": { "line": 179, "column": 43 }
      },
      "65": {
        "start": { "line": 180, "column": 4 },
        "end": { "line": 180, "column": 26 }
      },
      "66": {
        "start": { "line": 181, "column": 4 },
        "end": { "line": 181, "column": 23 }
      },
      "67": {
        "start": { "line": 182, "column": 4 },
        "end": { "line": 182, "column": 17 }
      },
      "68": {
        "start": { "line": 183, "column": 4 },
        "end": { "line": 183, "column": 26 }
      },
      "69": {
        "start": { "line": 184, "column": 4 },
        "end": { "line": 184, "column": 23 }
      },
      "70": {
        "start": { "line": 185, "column": 4 },
        "end": { "line": 185, "column": 17 }
      },
      "71": {
        "start": { "line": 186, "column": 4 },
        "end": { "line": 186, "column": 92 }
      },
      "72": {
        "start": { "line": 187, "column": 4 },
        "end": { "line": 187, "column": 17 }
      },
      "73": {
        "start": { "line": 190, "column": 4 },
        "end": { "line": 190, "column": 83 }
      },
      "74": {
        "start": { "line": 191, "column": 4 },
        "end": { "line": 191, "column": 17 }
      },
      "75": {
        "start": { "line": 192, "column": 4 },
        "end": { "line": 192, "column": 92 }
      },
      "76": {
        "start": { "line": 193, "column": 4 },
        "end": { "line": 193, "column": 17 }
      },
      "77": {
        "start": { "line": 194, "column": 4 },
        "end": { "line": 196, "column": 6 }
      },
      "78": {
        "start": { "line": 200, "column": 27 },
        "end": { "line": 202, "column": 1 }
      },
      "79": {
        "start": { "line": 201, "column": 2 },
        "end": { "line": 201, "column": 60 }
      },
      "80": {
        "start": { "line": 205, "column": 20 },
        "end": { "line": 354, "column": 1 }
      },
      "81": {
        "start": { "line": 206, "column": 2 },
        "end": { "line": 206, "column": 35 }
      },
      "82": {
        "start": { "line": 207, "column": 2 },
        "end": { "line": 207, "column": 21 }
      },
      "83": {
        "start": { "line": 209, "column": 2 },
        "end": { "line": 212, "column": 3 }
      },
      "84": {
        "start": { "line": 210, "column": 4 },
        "end": { "line": 210, "column": 64 }
      },
      "85": {
        "start": { "line": 211, "column": 4 },
        "end": { "line": 211, "column": 10 }
      },
      "86": {
        "start": { "line": 215, "column": 22 },
        "end": { "line": 215, "column": 45 }
      },
      "87": {
        "start": { "line": 219, "column": 2 },
        "end": { "line": 229, "column": 3 }
      },
      "88": {
        "start": { "line": 220, "column": 4 },
        "end": { "line": 220, "column": 80 }
      },
      "89": {
        "start": { "line": 221, "column": 4 },
        "end": { "line": 221, "column": 16 }
      },
      "90": {
        "start": { "line": 225, "column": 4 },
        "end": { "line": 225, "column": 17 }
      },
      "91": {
        "start": { "line": 228, "column": 4 },
        "end": { "line": 228, "column": 10 }
      },
      "92": {
        "start": { "line": 232, "column": 24 },
        "end": { "line": 232, "column": 26 }
      },
      "93": {
        "start": { "line": 238, "column": 2 },
        "end": { "line": 353, "column": 3 }
      },
      "94": {
        "start": { "line": 239, "column": 4 },
        "end": { "line": 239, "column": 36 }
      },
      "95": {
        "start": { "line": 246, "column": 32 },
        "end": { "line": 246, "column": 99 }
      },
      "96": {
        "start": { "line": 246, "column": 66 },
        "end": { "line": 246, "column": 98 }
      },
      "97": {
        "start": { "line": 248, "column": 4 },
        "end": { "line": 251, "column": 5 }
      },
      "98": {
        "start": { "line": 249, "column": 6 },
        "end": { "line": 249, "column": 84 }
      },
      "99": {
        "start": { "line": 250, "column": 6 },
        "end": { "line": 250, "column": 12 }
      },
      "100": {
        "start": { "line": 254, "column": 27 },
        "end": { "line": 254, "column": 49 }
      },
      "101": {
        "start": { "line": 256, "column": 4 },
        "end": { "line": 263, "column": 5 }
      },
      "102": {
        "start": { "line": 258, "column": 6 },
        "end": { "line": 262, "column": 7 }
      },
      "103": {
        "start": { "line": 258, "column": 18 },
        "end": { "line": 258, "column": 19 }
      },
      "104": {
        "start": { "line": 259, "column": 8 },
        "end": { "line": 261, "column": 9 }
      },
      "105": {
        "start": { "line": 260, "column": 10 },
        "end": { "line": 260, "column": 51 }
      },
      "106": {
        "start": { "line": 267, "column": 24 },
        "end": { "line": 267, "column": 25 }
      },
      "107": {
        "start": { "line": 268, "column": 4 },
        "end": { "line": 278, "column": 5 }
      },
      "108": {
        "start": { "line": 269, "column": 6 },
        "end": { "line": 269, "column": 47 }
      },
      "109": {
        "start": { "line": 271, "column": 6 },
        "end": { "line": 271, "column": 72 }
      },
      "110": {
        "start": { "line": 271, "column": 40 },
        "end": { "line": 271, "column": 71 }
      },
      "111": {
        "start": { "line": 272, "column": 6 },
        "end": { "line": 272, "column": 79 }
      },
      "112": {
        "start": { "line": 274, "column": 6 },
        "end": { "line": 274, "column": 42 }
      },
      "113": {
        "start": { "line": 276, "column": 6 },
        "end": { "line": 276, "column": 106 }
      },
      "114": {
        "start": { "line": 277, "column": 6 },
        "end": { "line": 277, "column": 54 }
      },
      "115": {
        "start": { "line": 281, "column": 18 },
        "end": { "line": 285, "column": 5 }
      },
      "116": {
        "start": { "line": 287, "column": 4 },
        "end": { "line": 287, "column": 33 }
      },
      "117": {
        "start": { "line": 289, "column": 4 },
        "end": { "line": 289, "column": 31 }
      },
      "118": {
        "start": { "line": 290, "column": 4 },
        "end": { "line": 290, "column": 22 }
      },
      "119": {
        "start": { "line": 291, "column": 4 },
        "end": { "line": 291, "column": 17 }
      },
      "120": {
        "start": { "line": 294, "column": 4 },
        "end": { "line": 294, "column": 17 }
      },
      "121": {
        "start": { "line": 298, "column": 4 },
        "end": { "line": 298, "column": 34 }
      },
      "122": {
        "start": { "line": 304, "column": 30 },
        "end": { "line": 304, "column": 97 }
      },
      "123": {
        "start": { "line": 304, "column": 64 },
        "end": { "line": 304, "column": 96 }
      },
      "124": {
        "start": { "line": 307, "column": 4 },
        "end": { "line": 310, "column": 5 }
      },
      "125": {
        "start": { "line": 308, "column": 6 },
        "end": { "line": 308, "column": 83 }
      },
      "126": {
        "start": { "line": 309, "column": 6 },
        "end": { "line": 309, "column": 12 }
      },
      "127": {
        "start": { "line": 313, "column": 26 },
        "end": { "line": 313, "column": 46 }
      },
      "128": {
        "start": { "line": 315, "column": 4 },
        "end": { "line": 321, "column": 5 }
      },
      "129": {
        "start": { "line": 316, "column": 6 },
        "end": { "line": 320, "column": 7 }
      },
      "130": {
        "start": { "line": 316, "column": 18 },
        "end": { "line": 316, "column": 19 }
      },
      "131": {
        "start": { "line": 317, "column": 8 },
        "end": { "line": 319, "column": 9 }
      },
      "132": {
        "start": { "line": 318, "column": 10 },
        "end": { "line": 318, "column": 48 }
      },
      "133": {
        "start": { "line": 325, "column": 24 },
        "end": { "line": 325, "column": 25 }
      },
      "134": {
        "start": { "line": 326, "column": 4 },
        "end": { "line": 336, "column": 5 }
      },
      "135": {
        "start": { "line": 327, "column": 6 },
        "end": { "line": 327, "column": 46 }
      },
      "136": {
        "start": { "line": 329, "column": 6 },
        "end": { "line": 329, "column": 71 }
      },
      "137": {
        "start": { "line": 329, "column": 40 },
        "end": { "line": 329, "column": 70 }
      },
      "138": {
        "start": { "line": 330, "column": 6 },
        "end": { "line": 330, "column": 78 }
      },
      "139": {
        "start": { "line": 332, "column": 6 },
        "end": { "line": 332, "column": 42 }
      },
      "140": {
        "start": { "line": 334, "column": 6 },
        "end": { "line": 334, "column": 104 }
      },
      "141": {
        "start": { "line": 335, "column": 6 },
        "end": { "line": 335, "column": 54 }
      },
      "142": {
        "start": { "line": 339, "column": 18 },
        "end": { "line": 343, "column": 5 }
      },
      "143": {
        "start": { "line": 345, "column": 4 },
        "end": { "line": 345, "column": 33 }
      },
      "144": {
        "start": { "line": 347, "column": 4 },
        "end": { "line": 347, "column": 31 }
      },
      "145": {
        "start": { "line": 348, "column": 4 },
        "end": { "line": 348, "column": 22 }
      },
      "146": {
        "start": { "line": 351, "column": 4 },
        "end": { "line": 351, "column": 17 }
      },
      "147": {
        "start": { "line": 357, "column": 0 },
        "end": { "line": 359, "column": 1 }
      },
      "148": {
        "start": { "line": 358, "column": 2 },
        "end": { "line": 358, "column": 56 }
      },
      "149": {
        "start": { "line": 358, "column": 34 },
        "end": { "line": 358, "column": 55 }
      },
      "150": {
        "start": { "line": 362, "column": 0 },
        "end": { "line": 364, "column": 1 }
      },
      "151": {
        "start": { "line": 363, "column": 2 },
        "end": { "line": 363, "column": 58 }
      },
      "152": {
        "start": { "line": 363, "column": 34 },
        "end": { "line": 363, "column": 57 }
      },
      "153": {
        "start": { "line": 366, "column": 19 },
        "end": { "line": 371, "column": 1 }
      },
      "154": {
        "start": { "line": 367, "column": 18 },
        "end": { "line": 369, "column": 11 }
      },
      "155": {
        "start": { "line": 368, "column": 38 },
        "end": { "line": 368, "column": 42 }
      },
      "156": {
        "start": { "line": 370, "column": 4 },
        "end": { "line": 370, "column": 20 }
      },
      "157": {
        "start": { "line": 373, "column": 13 },
        "end": { "line": 373, "column": 37 }
      },
      "158": {
        "start": { "line": 374, "column": 15 },
        "end": { "line": 376, "column": 2 }
      },
      "159": {
        "start": { "line": 375, "column": 2 },
        "end": { "line": 375, "column": 50 }
      },
      "160": {
        "start": { "line": 378, "column": 18 },
        "end": { "line": 380, "column": 1 }
      },
      "161": {
        "start": { "line": 379, "column": 2 },
        "end": { "line": 379, "column": 16 }
      },
      "162": {
        "start": { "line": 382, "column": 18 },
        "end": { "line": 384, "column": 1 }
      },
      "163": {
        "start": { "line": 383, "column": 2 },
        "end": { "line": 383, "column": 16 }
      },
      "164": {
        "start": { "line": 387, "column": 20 },
        "end": { "line": 390, "column": 1 }
      },
      "165": {
        "start": { "line": 388, "column": 2 },
        "end": { "line": 388, "column": 17 }
      },
      "166": {
        "start": { "line": 389, "column": 2 },
        "end": { "line": 389, "column": 43 }
      },
      "167": {
        "start": { "line": 392, "column": 0 },
        "end": { "line": 392, "column": 110 }
      }
    },
    "fnMap": {
      "0": {
        "name": "(anonymous_0)",
        "decl": {
          "start": { "line": 12, "column": 16 },
          "end": { "line": 12, "column": 17 }
        },
        "loc": {
          "start": { "line": 12, "column": 22 },
          "end": { "line": 45, "column": 1 }
        },
        "line": 12
      },
      "1": {
        "name": "(anonymous_1)",
        "decl": {
          "start": { "line": 17, "column": 3 },
          "end": { "line": 17, "column": 4 }
        },
        "loc": {
          "start": { "line": 17, "column": 17 },
          "end": { "line": 42, "column": 1 }
        },
        "line": 17
      },
      "2": {
        "name": "(anonymous_2)",
        "decl": {
          "start": { "line": 21, "column": 22 },
          "end": { "line": 21, "column": 23 }
        },
        "loc": {
          "start": { "line": 21, "column": 33 },
          "end": { "line": 23, "column": 3 }
        },
        "line": 21
      },
      "3": {
        "name": "(anonymous_3)",
        "decl": {
          "start": { "line": 26, "column": 21 },
          "end": { "line": 26, "column": 22 }
        },
        "loc": {
          "start": { "line": 26, "column": 27 },
          "end": { "line": 41, "column": 3 }
        },
        "line": 26
      },
      "4": {
        "name": "(anonymous_4)",
        "decl": {
          "start": { "line": 42, "column": 15 },
          "end": { "line": 42, "column": 16 }
        },
        "loc": {
          "start": { "line": 42, "column": 24 },
          "end": { "line": 44, "column": 1 }
        },
        "line": 42
      },
      "5": {
        "name": "(anonymous_5)",
        "decl": {
          "start": { "line": 86, "column": 13 },
          "end": { "line": 86, "column": 14 }
        },
        "loc": {
          "start": { "line": 86, "column": 36 },
          "end": { "line": 88, "column": 1 }
        },
        "line": 86
      },
      "6": {
        "name": "(anonymous_6)",
        "decl": {
          "start": { "line": 91, "column": 23 },
          "end": { "line": 91, "column": 24 }
        },
        "loc": {
          "start": { "line": 91, "column": 46 },
          "end": { "line": 93, "column": 1 }
        },
        "line": 91
      },
      "7": {
        "name": "(anonymous_7)",
        "decl": {
          "start": { "line": 96, "column": 23 },
          "end": { "line": 96, "column": 24 }
        },
        "loc": {
          "start": { "line": 96, "column": 46 },
          "end": { "line": 98, "column": 1 }
        },
        "line": 96
      },
      "8": {
        "name": "(anonymous_8)",
        "decl": {
          "start": { "line": 101, "column": 27 },
          "end": { "line": 101, "column": 28 }
        },
        "loc": {
          "start": { "line": 101, "column": 50 },
          "end": { "line": 109, "column": 1 }
        },
        "line": 101
      },
      "9": {
        "name": "(anonymous_9)",
        "decl": {
          "start": { "line": 103, "column": 28 },
          "end": { "line": 103, "column": 29 }
        },
        "loc": {
          "start": { "line": 103, "column": 37 },
          "end": { "line": 103, "column": 52 }
        },
        "line": 103
      },
      "10": {
        "name": "(anonymous_10)",
        "decl": {
          "start": { "line": 112, "column": 24 },
          "end": { "line": 112, "column": 25 }
        },
        "loc": {
          "start": { "line": 112, "column": 47 },
          "end": { "line": 198, "column": 1 }
        },
        "line": 112
      },
      "11": {
        "name": "(anonymous_11)",
        "decl": {
          "start": { "line": 200, "column": 27 },
          "end": { "line": 200, "column": 28 }
        },
        "loc": {
          "start": { "line": 200, "column": 49 },
          "end": { "line": 202, "column": 1 }
        },
        "line": 200
      },
      "12": {
        "name": "(anonymous_12)",
        "decl": {
          "start": { "line": 205, "column": 20 },
          "end": { "line": 205, "column": 21 }
        },
        "loc": {
          "start": { "line": 205, "column": 26 },
          "end": { "line": 354, "column": 1 }
        },
        "line": 205
      },
      "13": {
        "name": "(anonymous_13)",
        "decl": {
          "start": { "line": 246, "column": 55 },
          "end": { "line": 246, "column": 56 }
        },
        "loc": {
          "start": { "line": 246, "column": 66 },
          "end": { "line": 246, "column": 98 }
        },
        "line": 246
      },
      "14": {
        "name": "(anonymous_14)",
        "decl": {
          "start": { "line": 271, "column": 29 },
          "end": { "line": 271, "column": 30 }
        },
        "loc": {
          "start": { "line": 271, "column": 40 },
          "end": { "line": 271, "column": 71 }
        },
        "line": 271
      },
      "15": {
        "name": "(anonymous_15)",
        "decl": {
          "start": { "line": 304, "column": 53 },
          "end": { "line": 304, "column": 54 }
        },
        "loc": {
          "start": { "line": 304, "column": 64 },
          "end": { "line": 304, "column": 96 }
        },
        "line": 304
      },
      "16": {
        "name": "(anonymous_16)",
        "decl": {
          "start": { "line": 329, "column": 29 },
          "end": { "line": 329, "column": 30 }
        },
        "loc": {
          "start": { "line": 329, "column": 40 },
          "end": { "line": 329, "column": 70 }
        },
        "line": 329
      },
      "17": {
        "name": "(anonymous_17)",
        "decl": {
          "start": { "line": 357, "column": 13 },
          "end": { "line": 357, "column": 14 }
        },
        "loc": {
          "start": { "line": 357, "column": 19 },
          "end": { "line": 359, "column": 1 }
        },
        "line": 357
      },
      "18": {
        "name": "(anonymous_18)",
        "decl": {
          "start": { "line": 358, "column": 23 },
          "end": { "line": 358, "column": 24 }
        },
        "loc": {
          "start": { "line": 358, "column": 34 },
          "end": { "line": 358, "column": 55 }
        },
        "line": 358
      },
      "19": {
        "name": "(anonymous_19)",
        "decl": {
          "start": { "line": 362, "column": 15 },
          "end": { "line": 362, "column": 16 }
        },
        "loc": {
          "start": { "line": 362, "column": 21 },
          "end": { "line": 364, "column": 1 }
        },
        "line": 362
      },
      "20": {
        "name": "(anonymous_20)",
        "decl": {
          "start": { "line": 363, "column": 23 },
          "end": { "line": 363, "column": 24 }
        },
        "loc": {
          "start": { "line": 363, "column": 34 },
          "end": { "line": 363, "column": 57 }
        },
        "line": 363
      },
      "21": {
        "name": "(anonymous_21)",
        "decl": {
          "start": { "line": 366, "column": 19 },
          "end": { "line": 366, "column": 20 }
        },
        "loc": {
          "start": { "line": 366, "column": 25 },
          "end": { "line": 371, "column": 1 }
        },
        "line": 366
      },
      "22": {
        "name": "(anonymous_22)",
        "decl": {
          "start": { "line": 368, "column": 33 },
          "end": { "line": 368, "column": 34 }
        },
        "loc": {
          "start": { "line": 368, "column": 38 },
          "end": { "line": 368, "column": 42 }
        },
        "line": 368
      },
      "23": {
        "name": "(anonymous_23)",
        "decl": {
          "start": { "line": 374, "column": 32 },
          "end": { "line": 374, "column": 33 }
        },
        "loc": {
          "start": { "line": 374, "column": 38 },
          "end": { "line": 376, "column": 1 }
        },
        "line": 374
      },
      "24": {
        "name": "(anonymous_24)",
        "decl": {
          "start": { "line": 378, "column": 18 },
          "end": { "line": 378, "column": 19 }
        },
        "loc": {
          "start": { "line": 378, "column": 24 },
          "end": { "line": 380, "column": 1 }
        },
        "line": 378
      },
      "25": {
        "name": "(anonymous_25)",
        "decl": {
          "start": { "line": 382, "column": 18 },
          "end": { "line": 382, "column": 19 }
        },
        "loc": {
          "start": { "line": 382, "column": 24 },
          "end": { "line": 384, "column": 1 }
        },
        "line": 382
      },
      "26": {
        "name": "(anonymous_26)",
        "decl": {
          "start": { "line": 387, "column": 20 },
          "end": { "line": 387, "column": 21 }
        },
        "loc": {
          "start": { "line": 387, "column": 26 },
          "end": { "line": 390, "column": 1 }
        },
        "line": 387
      }
    },
    "branchMap": {
      "0": {
        "loc": {
          "start": { "line": 27, "column": 6 },
          "end": { "line": 40, "column": 7 }
        },
        "type": "if",
        "locations": [
          {
            "start": { "line": 27, "column": 6 },
            "end": { "line": 40, "column": 7 }
          },
          {
            "start": { "line": 38, "column": 13 },
            "end": { "line": 40, "column": 7 }
          }
        ],
        "line": 27
      },
      "1": {
        "loc": {
          "start": { "line": 27, "column": 10 },
          "end": { "line": 27, "column": 68 }
        },
        "type": "binary-expr",
        "locations": [
          {
            "start": { "line": 27, "column": 10 },
            "end": { "line": 27, "column": 37 }
          },
          {
            "start": { "line": 27, "column": 41 },
            "end": { "line": 27, "column": 68 }
          }
        ],
        "line": 27
      },
      "2": {
        "loc": {
          "start": { "line": 104, "column": 2 },
          "end": { "line": 108, "column": 5 }
        },
        "type": "if",
        "locations": [
          {
            "start": { "line": 104, "column": 2 },
            "end": { "line": 108, "column": 5 }
          },
          {
            "start": { "line": 106, "column": 11 },
            "end": { "line": 108, "column": 5 }
          }
        ],
        "line": 104
      },
      "3": {
        "loc": {
          "start": { "line": 116, "column": 2 },
          "end": { "line": 120, "column": 3 }
        },
        "type": "if",
        "locations": [
          {
            "start": { "line": 116, "column": 2 },
            "end": { "line": 120, "column": 3 }
          },
          { "start": {}, "end": {} }
        ],
        "line": 116
      },
      "4": {
        "loc": {
          "start": { "line": 116, "column": 5 },
          "end": { "line": 116, "column": 49 }
        },
        "type": "binary-expr",
        "locations": [
          {
            "start": { "line": 116, "column": 5 },
            "end": { "line": 116, "column": 16 }
          },
          {
            "start": { "line": 116, "column": 20 },
            "end": { "line": 116, "column": 31 }
          },
          {
            "start": { "line": 116, "column": 35 },
            "end": { "line": 116, "column": 49 }
          }
        ],
        "line": 116
      },
      "5": {
        "loc": {
          "start": { "line": 123, "column": 2 },
          "end": { "line": 127, "column": 3 }
        },
        "type": "if",
        "locations": [
          {
            "start": { "line": 123, "column": 2 },
            "end": { "line": 127, "column": 3 }
          },
          { "start": {}, "end": {} }
        ],
        "line": 123
      },
      "6": {
        "loc": {
          "start": { "line": 130, "column": 2 },
          "end": { "line": 134, "column": 3 }
        },
        "type": "if",
        "locations": [
          {
            "start": { "line": 130, "column": 2 },
            "end": { "line": 134, "column": 3 }
          },
          { "start": {}, "end": {} }
        ],
        "line": 130
      },
      "7": {
        "loc": {
          "start": { "line": 153, "column": 2 },
          "end": { "line": 161, "column": 3 }
        },
        "type": "if",
        "locations": [
          {
            "start": { "line": 153, "column": 2 },
            "end": { "line": 161, "column": 3 }
          },
          {
            "start": { "line": 159, "column": 9 },
            "end": { "line": 161, "column": 3 }
          }
        ],
        "line": 153
      },
      "8": {
        "loc": {
          "start": { "line": 153, "column": 6 },
          "end": { "line": 153, "column": 84 }
        },
        "type": "binary-expr",
        "locations": [
          {
            "start": { "line": 153, "column": 6 },
            "end": { "line": 153, "column": 42 }
          },
          {
            "start": { "line": 153, "column": 46 },
            "end": { "line": 153, "column": 84 }
          }
        ],
        "line": 153
      },
      "9": {
        "loc": {
          "start": { "line": 167, "column": 2 },
          "end": { "line": 197, "column": 3 }
        },
        "type": "if",
        "locations": [
          {
            "start": { "line": 167, "column": 2 },
            "end": { "line": 197, "column": 3 }
          },
          {
            "start": { "line": 188, "column": 9 },
            "end": { "line": 197, "column": 3 }
          }
        ],
        "line": 167
      },
      "10": {
        "loc": {
          "start": { "line": 201, "column": 9 },
          "end": { "line": 201, "column": 59 }
        },
        "type": "binary-expr",
        "locations": [
          {
            "start": { "line": 201, "column": 9 },
            "end": { "line": 201, "column": 32 }
          },
          {
            "start": { "line": 201, "column": 36 },
            "end": { "line": 201, "column": 59 }
          }
        ],
        "line": 201
      },
      "11": {
        "loc": {
          "start": { "line": 209, "column": 2 },
          "end": { "line": 212, "column": 3 }
        },
        "type": "if",
        "locations": [
          {
            "start": { "line": 209, "column": 2 },
            "end": { "line": 212, "column": 3 }
          },
          { "start": {}, "end": {} }
        ],
        "line": 209
      },
      "12": {
        "loc": {
          "start": { "line": 219, "column": 2 },
          "end": { "line": 229, "column": 3 }
        },
        "type": "if",
        "locations": [
          {
            "start": { "line": 219, "column": 2 },
            "end": { "line": 229, "column": 3 }
          },
          { "start": {}, "end": {} }
        ],
        "line": 219
      },
      "13": {
        "loc": {
          "start": { "line": 238, "column": 2 },
          "end": { "line": 353, "column": 3 }
        },
        "type": "if",
        "locations": [
          {
            "start": { "line": 238, "column": 2 },
            "end": { "line": 353, "column": 3 }
          },
          {
            "start": { "line": 297, "column": 9 },
            "end": { "line": 353, "column": 3 }
          }
        ],
        "line": 238
      },
      "14": {
        "loc": {
          "start": { "line": 248, "column": 4 },
          "end": { "line": 251, "column": 5 }
        },
        "type": "if",
        "locations": [
          {
            "start": { "line": 248, "column": 4 },
            "end": { "line": 251, "column": 5 }
          },
          { "start": {}, "end": {} }
        ],
        "line": 248
      },
      "15": {
        "loc": {
          "start": { "line": 256, "column": 4 },
          "end": { "line": 263, "column": 5 }
        },
        "type": "if",
        "locations": [
          {
            "start": { "line": 256, "column": 4 },
            "end": { "line": 263, "column": 5 }
          },
          { "start": {}, "end": {} }
        ],
        "line": 256
      },
      "16": {
        "loc": {
          "start": { "line": 259, "column": 8 },
          "end": { "line": 261, "column": 9 }
        },
        "type": "if",
        "locations": [
          {
            "start": { "line": 259, "column": 8 },
            "end": { "line": 261, "column": 9 }
          },
          { "start": {}, "end": {} }
        ],
        "line": 259
      },
      "17": {
        "loc": {
          "start": { "line": 268, "column": 4 },
          "end": { "line": 278, "column": 5 }
        },
        "type": "if",
        "locations": [
          {
            "start": { "line": 268, "column": 4 },
            "end": { "line": 278, "column": 5 }
          },
          {
            "start": { "line": 273, "column": 11 },
            "end": { "line": 278, "column": 5 }
          }
        ],
        "line": 268
      },
      "18": {
        "loc": {
          "start": { "line": 307, "column": 4 },
          "end": { "line": 310, "column": 5 }
        },
        "type": "if",
        "locations": [
          {
            "start": { "line": 307, "column": 4 },
            "end": { "line": 310, "column": 5 }
          },
          { "start": {}, "end": {} }
        ],
        "line": 307
      },
      "19": {
        "loc": {
          "start": { "line": 315, "column": 4 },
          "end": { "line": 321, "column": 5 }
        },
        "type": "if",
        "locations": [
          {
            "start": { "line": 315, "column": 4 },
            "end": { "line": 321, "column": 5 }
          },
          { "start": {}, "end": {} }
        ],
        "line": 315
      },
      "20": {
        "loc": {
          "start": { "line": 317, "column": 8 },
          "end": { "line": 319, "column": 9 }
        },
        "type": "if",
        "locations": [
          {
            "start": { "line": 317, "column": 8 },
            "end": { "line": 319, "column": 9 }
          },
          { "start": {}, "end": {} }
        ],
        "line": 317
      },
      "21": {
        "loc": {
          "start": { "line": 326, "column": 4 },
          "end": { "line": 336, "column": 5 }
        },
        "type": "if",
        "locations": [
          {
            "start": { "line": 326, "column": 4 },
            "end": { "line": 336, "column": 5 }
          },
          {
            "start": { "line": 331, "column": 11 },
            "end": { "line": 336, "column": 5 }
          }
        ],
        "line": 326
      },
      "22": {
        "loc": {
          "start": { "line": 367, "column": 18 },
          "end": { "line": 369, "column": 11 }
        },
        "type": "cond-expr",
        "locations": [
          {
            "start": { "line": 368, "column": 10 },
            "end": { "line": 368, "column": 44 }
          },
          {
            "start": { "line": 369, "column": 10 },
            "end": { "line": 369, "column": 11 }
          }
        ],
        "line": 367
      },
      "23": {
        "loc": {
          "start": { "line": 373, "column": 13 },
          "end": { "line": 373, "column": 37 }
        },
        "type": "binary-expr",
        "locations": [
          {
            "start": { "line": 373, "column": 13 },
            "end": { "line": 373, "column": 29 }
          },
          {
            "start": { "line": 373, "column": 33 },
            "end": { "line": 373, "column": 37 }
          }
        ],
        "line": 373
      }
    },
    "s": {
      "0": 4,
      "1": 4,
      "2": 4,
      "3": 4,
      "4": 4,
      "5": 4,
      "6": 4,
      "7": 6,
      "8": 0,
      "9": 0,
      "10": 0,
      "11": 0,
      "12": 0,
      "13": 0,
      "14": 0,
      "15": 0,
      "16": 0,
      "17": 0,
      "18": 0,
      "19": 0,
      "20": 0,
      "21": 0,
      "22": 6,
      "23": 4,
      "24": 4,
      "25": 4,
      "26": 4,
      "27": 4,
      "28": 1,
      "29": 4,
      "30": 1,
      "31": 4,
      "32": 1,
      "33": 4,
      "34": 2,
      "35": 2,
      "36": 2,
      "37": 2,
      "38": 1,
      "39": 1,
      "40": 4,
      "41": 3,
      "42": 3,
      "43": 1,
      "44": 2,
      "45": 0,
      "46": 2,
      "47": 0,
      "48": 2,
      "49": 2,
      "50": 2,
      "51": 2,
      "52": 0,
      "53": 0,
      "54": 0,
      "55": 2,
      "56": 2,
      "57": 2,
      "58": 2,
      "59": 0,
      "60": 0,
      "61": 0,
      "62": 0,
      "63": 0,
      "64": 0,
      "65": 0,
      "66": 0,
      "67": 0,
      "68": 0,
      "69": 0,
      "70": 0,
      "71": 0,
      "72": 0,
      "73": 2,
      "74": 2,
      "75": 2,
      "76": 2,
      "77": 2,
      "78": 4,
      "79": 2,
      "80": 4,
      "81": 3,
      "82": 3,
      "83": 3,
      "84": 2,
      "85": 2,
      "86": 1,
      "87": 1,
      "88": 0,
      "89": 0,
      "90": 0,
      "91": 0,
      "92": 1,
      "93": 1,
      "94": 0,
      "95": 0,
      "96": 0,
      "97": 0,
      "98": 0,
      "99": 0,
      "100": 0,
      "101": 0,
      "102": 0,
      "103": 0,
      "104": 0,
      "105": 0,
      "106": 0,
      "107": 0,
      "108": 0,
      "109": 0,
      "110": 0,
      "111": 0,
      "112": 0,
      "113": 0,
      "114": 0,
      "115": 0,
      "116": 0,
      "117": 0,
      "118": 0,
      "119": 0,
      "120": 0,
      "121": 1,
      "122": 1,
      "123": 1,
      "124": 1,
      "125": 0,
      "126": 0,
      "127": 1,
      "128": 1,
      "129": 0,
      "130": 0,
      "131": 0,
      "132": 0,
      "133": 1,
      "134": 1,
      "135": 1,
      "136": 1,
      "137": 2,
      "138": 1,
      "139": 0,
      "140": 0,
      "141": 0,
      "142": 1,
      "143": 1,
      "144": 1,
      "145": 1,
      "146": 1,
      "147": 4,
      "148": 1,
      "149": 2,
      "150": 4,
      "151": 0,
      "152": 0,
      "153": 4,
      "154": 2,
      "155": 0,
      "156": 2,
      "157": 4,
      "158": 4,
      "159": 0,
      "160": 4,
      "161": 2,
      "162": 4,
      "163": 0,
      "164": 4,
      "165": 7,
      "166": 7,
      "167": 4
    },
    "f": {
      "0": 6,
      "1": 0,
      "2": 0,
      "3": 0,
      "4": 6,
      "5": 1,
      "6": 1,
      "7": 1,
      "8": 2,
      "9": 2,
      "10": 3,
      "11": 2,
      "12": 3,
      "13": 0,
      "14": 0,
      "15": 1,
      "16": 2,
      "17": 1,
      "18": 2,
      "19": 0,
      "20": 0,
      "21": 2,
      "22": 0,
      "23": 0,
      "24": 2,
      "25": 0,
      "26": 7
    },
    "b": {
      "0": [0, 0],
      "1": [0, 0],
      "2": [1, 1],
      "3": [1, 2],
      "4": [3, 2, 2],
      "5": [0, 2],
      "6": [0, 2],
      "7": [0, 2],
      "8": [2, 2],
      "9": [0, 2],
      "10": [2, 0],
      "11": [2, 1],
      "12": [0, 1],
      "13": [0, 1],
      "14": [0, 0],
      "15": [0, 0],
      "16": [0, 0],
      "17": [0, 0],
      "18": [0, 1],
      "19": [0, 1],
      "20": [0, 0],
      "21": [1, 0],
      "22": [0, 2],
      "23": [4, 4]
    },
    "_coverageSchema": "1a1c01bbd47fc00a2c39e90264f33305004495a9",
    "hash": "8dcf89dd0085f215148bb9ff68b953d6a5c319f3"
  }
}
