TN:
SF:index.js
FN:12,(anonymous_0)
FN:17,(anonymous_1)
FN:21,(anonymous_2)
FN:26,(anonymous_3)
FN:42,(anonymous_4)
FN:86,(anonymous_5)
FN:91,(anonymous_6)
FN:96,(anonymous_7)
FN:101,(anonymous_8)
FN:103,(anonymous_9)
FN:112,(anonymous_10)
FN:200,(anonymous_11)
FN:205,(anonymous_12)
FN:246,(anonymous_13)
FN:271,(anonymous_14)
FN:304,(anonymous_15)
FN:329,(anonymous_16)
FN:357,(anonymous_17)
FN:358,(anonymous_18)
FN:362,(anonymous_19)
FN:363,(anonymous_20)
FN:366,(anonymous_21)
FN:368,(anonymous_22)
FN:374,(anonymous_23)
FN:378,(anonymous_24)
FN:382,(anonymous_25)
FN:387,(anonymous_26)
FNF:27
FNH:17
FNDA:6,(anonymous_0)
FNDA:0,(anonymous_1)
FNDA:0,(anonymous_2)
FNDA:0,(anonymous_3)
FNDA:6,(anonymous_4)
FNDA:1,(anonymous_5)
FNDA:1,(anonymous_6)
FNDA:1,(anonymous_7)
FNDA:2,(anonymous_8)
FNDA:2,(anonymous_9)
FNDA:3,(anonymous_10)
FNDA:2,(anonymous_11)
FNDA:3,(anonymous_12)
FNDA:0,(anonymous_13)
FNDA:0,(anonymous_14)
FNDA:1,(anonymous_15)
FNDA:2,(anonymous_16)
FNDA:1,(anonymous_17)
FNDA:2,(anonymous_18)
FNDA:0,(anonymous_19)
FNDA:0,(anonymous_20)
FNDA:2,(anonymous_21)
FNDA:0,(anonymous_22)
FNDA:0,(anonymous_23)
FNDA:2,(anonymous_24)
FNDA:0,(anonymous_25)
FNDA:7,(anonymous_26)
DA:1,4
DA:2,4
DA:3,4
DA:4,4
DA:7,4
DA:9,4
DA:12,4
DA:13,6
DA:18,0
DA:21,0
DA:22,0
DA:26,0
DA:27,0
DA:28,0
DA:29,0
DA:30,0
DA:32,0
DA:33,0
DA:35,0
DA:36,0
DA:37,0
DA:39,0
DA:43,6
DA:49,4
DA:51,4
DA:78,4
DA:81,4
DA:86,4
DA:87,1
DA:91,4
DA:92,1
DA:96,4
DA:97,1
DA:101,4
DA:102,2
DA:103,2
DA:104,2
DA:105,1
DA:107,1
DA:112,4
DA:113,3
DA:116,3
DA:117,1
DA:123,2
DA:124,0
DA:130,2
DA:131,0
DA:136,2
DA:145,2
DA:150,2
DA:153,2
DA:154,0
DA:156,0
DA:158,0
DA:160,2
DA:163,2
DA:164,2
DA:167,2
DA:170,0
DA:173,0
DA:174,0
DA:176,0
DA:177,0
DA:179,0
DA:180,0
DA:181,0
DA:182,0
DA:183,0
DA:184,0
DA:185,0
DA:186,0
DA:187,0
DA:190,2
DA:191,2
DA:192,2
DA:193,2
DA:194,2
DA:200,4
DA:201,2
DA:205,4
DA:206,3
DA:207,3
DA:209,3
DA:210,2
DA:211,2
DA:215,1
DA:219,1
DA:220,0
DA:221,0
DA:225,0
DA:228,0
DA:232,1
DA:238,1
DA:239,0
DA:246,0
DA:248,0
DA:249,0
DA:250,0
DA:254,0
DA:256,0
DA:258,0
DA:259,0
DA:260,0
DA:267,0
DA:268,0
DA:269,0
DA:271,0
DA:272,0
DA:274,0
DA:276,0
DA:277,0
DA:281,0
DA:287,0
DA:289,0
DA:290,0
DA:291,0
DA:294,0
DA:298,1
DA:304,1
DA:307,1
DA:308,0
DA:309,0
DA:313,1
DA:315,1
DA:316,0
DA:317,0
DA:318,0
DA:325,1
DA:326,1
DA:327,1
DA:329,2
DA:330,1
DA:332,0
DA:334,0
DA:335,0
DA:339,1
DA:345,1
DA:347,1
DA:348,1
DA:351,1
DA:357,4
DA:358,2
DA:362,4
DA:363,0
DA:366,4
DA:367,2
DA:368,0
DA:370,2
DA:373,4
DA:374,4
DA:375,0
DA:378,4
DA:379,2
DA:382,4
DA:383,0
DA:387,4
DA:388,7
DA:389,7
DA:392,4
LF:159
LH:86
BRDA:27,0,0,0
BRDA:27,0,1,0
BRDA:27,1,0,0
BRDA:27,1,1,0
BRDA:104,2,0,1
BRDA:104,2,1,1
BRDA:116,3,0,1
BRDA:116,3,1,2
BRDA:116,4,0,3
BRDA:116,4,1,2
BRDA:116,4,2,2
BRDA:123,5,0,0
BRDA:123,5,1,2
BRDA:130,6,0,0
BRDA:130,6,1,2
BRDA:153,7,0,0
BRDA:153,7,1,2
BRDA:153,8,0,2
BRDA:153,8,1,2
BRDA:167,9,0,0
BRDA:167,9,1,2
BRDA:201,10,0,2
BRDA:201,10,1,0
BRDA:209,11,0,2
BRDA:209,11,1,1
BRDA:219,12,0,0
BRDA:219,12,1,1
BRDA:238,13,0,0
BRDA:238,13,1,1
BRDA:248,14,0,0
BRDA:248,14,1,0
BRDA:256,15,0,0
BRDA:256,15,1,0
BRDA:259,16,0,0
BRDA:259,16,1,0
BRDA:268,17,0,0
BRDA:268,17,1,0
BRDA:307,18,0,0
BRDA:307,18,1,1
BRDA:315,19,0,0
BRDA:315,19,1,1
BRDA:317,20,0,0
BRDA:317,20,1,0
BRDA:326,21,0,1
BRDA:326,21,1,0
BRDA:367,22,0,0
BRDA:367,22,1,2
BRDA:373,23,0,4
BRDA:373,23,1,4
BRF:49
BRH:24
end_of_record
